chemapp/chemsolve2/unityLibrary/build/intermediates/manifest_merge_blame_file/debug/manifest-merger-blame-debug-report.txt
1<?xml version="1.0" encoding="utf-8"?>
2<manifest xmlns:android="http://schemas.android.com/apk/res/android"
3    xmlns:tools="http://schemas.android.com/tools"
4    package="com.unity3d.player" >
5
6    <uses-sdk
7        android:minSdkVersion="34"
7-->src\main\AndroidManifest.xml
8        android:targetSdkVersion="34" />
8-->src\main\AndroidManifest.xml
9
10    <uses-feature android:glEsVersion="0x00030000" />
10-->src\main\AndroidManifest.xml:22:3-52
10-->src\main\AndroidManifest.xml:22:17-49
11    <uses-feature
11-->src\main\AndroidManifest.xml:23:3-88
12        android:name="android.hardware.touchscreen"
12-->src\main\AndroidManifest.xml:23:17-60
13        android:required="false" />
13-->src\main\AndroidManifest.xml:23:61-85
14    <uses-feature
14-->src\main\AndroidManifest.xml:24:3-99
15        android:name="android.hardware.touchscreen.multitouch"
15-->src\main\AndroidManifest.xml:24:17-71
16        android:required="false" />
16-->src\main\AndroidManifest.xml:24:72-96
17    <uses-feature
17-->src\main\AndroidManifest.xml:25:3-108
18        android:name="android.hardware.touchscreen.multitouch.distinct"
18-->src\main\AndroidManifest.xml:25:17-80
19        android:required="false" />
19-->src\main\AndroidManifest.xml:25:81-105
20
21    <uses-permission android:name="android.permission.POST_NOTIFICATIONS" />
21-->src\main\AndroidManifest.xml:26:3-75
21-->src\main\AndroidManifest.xml:26:20-72
22
23    <application android:extractNativeLibs="true" >
23-->src\main\AndroidManifest.xml:3:3-21:17
23-->src\main\AndroidManifest.xml:3:16-48
24        <activity
24-->src\main\AndroidManifest.xml:4:5-8:16
25            android:name="com.unity3d.player.UnityPlayerActivity"
25-->src\main\AndroidManifest.xml:4:15-68
26            android:configChanges="mcc|mnc|locale|touchscreen|keyboard|keyboardHidden|navigation|orientation|screenLayout|uiMode|screenSize|smallestScreenSize|fontScale|layoutDirection|density"
26-->src\main\AndroidManifest.xml:4:180-361
27            android:exported="true"
27-->src\main\AndroidManifest.xml:4:433-456
28            android:hardwareAccelerated="false"
28-->src\main\AndroidManifest.xml:4:397-432
29            android:launchMode="singleTask"
29-->src\main\AndroidManifest.xml:4:148-179
30            android:resizeableActivity="false"
30-->src\main\AndroidManifest.xml:4:362-396
31            android:screenOrientation="fullUser"
31-->src\main\AndroidManifest.xml:4:111-147
32            android:theme="@style/UnityThemeSelector" >
32-->src\main\AndroidManifest.xml:4:69-110
33            <meta-data
33-->src\main\AndroidManifest.xml:6:7-82
34                android:name="unityplayer.UnityActivity"
34-->src\main\AndroidManifest.xml:6:18-58
35                android:value="true" />
35-->src\main\AndroidManifest.xml:6:59-79
36            <meta-data
36-->src\main\AndroidManifest.xml:7:7-78
37                android:name="android.notch_support"
37-->src\main\AndroidManifest.xml:7:18-54
38                android:value="true" />
38-->src\main\AndroidManifest.xml:7:55-75
39        </activity>
40
41        <meta-data
41-->src\main\AndroidManifest.xml:9:5-69
42            android:name="unity.splash-mode"
42-->src\main\AndroidManifest.xml:9:16-48
43            android:value="0" />
43-->src\main\AndroidManifest.xml:9:49-66
44        <meta-data
44-->src\main\AndroidManifest.xml:10:5-74
45            android:name="unity.splash-enable"
45-->src\main\AndroidManifest.xml:10:16-50
46            android:value="True" />
46-->src\main\AndroidManifest.xml:10:51-71
47        <meta-data
47-->src\main\AndroidManifest.xml:11:5-78
48            android:name="unity.launch-fullscreen"
48-->src\main\AndroidManifest.xml:11:16-54
49            android:value="True" />
49-->src\main\AndroidManifest.xml:11:55-75
50        <meta-data
50-->src\main\AndroidManifest.xml:12:5-84
51            android:name="unity.allow-resizable-window"
51-->src\main\AndroidManifest.xml:12:16-59
52            android:value="False" />
52-->src\main\AndroidManifest.xml:12:60-81
53        <meta-data
53-->src\main\AndroidManifest.xml:13:5-81
54            android:name="notch.config"
54-->src\main\AndroidManifest.xml:13:16-43
55            android:value="portrait|landscape" />
55-->src\main\AndroidManifest.xml:13:44-78
56
57        <receiver
57-->src\main\AndroidManifest.xml:14:5-113
58            android:name="com.unity.androidnotifications.UnityNotificationManager"
58-->src\main\AndroidManifest.xml:14:15-85
59            android:exported="false" />
59-->src\main\AndroidManifest.xml:14:86-110
60        <receiver
60-->src\main\AndroidManifest.xml:15:5-19:16
61            android:name="com.unity.androidnotifications.UnityNotificationRestartOnBootReceiver"
61-->src\main\AndroidManifest.xml:15:15-99
62            android:enabled="false"
62-->src\main\AndroidManifest.xml:15:100-123
63            android:exported="false" >
63-->src\main\AndroidManifest.xml:15:124-148
64            <intent-filter>
64-->src\main\AndroidManifest.xml:16:7-18:23
65                <action android:name="android.intent.action.BOOT_COMPLETED" />
65-->src\main\AndroidManifest.xml:17:9-71
65-->src\main\AndroidManifest.xml:17:17-68
66            </intent-filter>
67        </receiver>
68
69        <meta-data
69-->src\main\AndroidManifest.xml:20:5-99
70            android:name="com.unity.androidnotifications.exact_scheduling"
70-->src\main\AndroidManifest.xml:20:16-78
71            android:value="0" />
71-->src\main\AndroidManifest.xml:20:79-96
72    </application>
73
74</manifest>